2017-05-26 16:55:26,460  INFO Application:48 - Starting Application on YUZHIYOU with PID 7916 (D:\WorkSpace\ActivitiTestApp\target\classes started by yuzhiyou in D:\WorkSpace\ActivitiTestApp)
2017-05-26 16:55:26,583  INFO Application:637 - No active profile set, falling back to default profiles: default
2017-05-26 16:55:27,179  INFO Version:30 - HV000001: Hibernate Validator 5.3.5.Final
2017-05-26 16:55:27,348  INFO AnnotationConfigEmbeddedWebApplicationContext:582 - Refreshing org.springframework.boot.context.embedded.AnnotationConfigEmbeddedWebApplicationContext@76b10754: startup date [Fri May 26 16:55:27 CST 2017]; root of context hierarchy
2017-05-26 16:55:28,918  INFO DefaultListableBeanFactory:828 - Overriding bean definition for bean 'dataSource' with a different definition: replacing [Root bean: class [null]; scope=; abstract=false; lazyInit=false; autowireMode=3; dependencyCheck=0; autowireCandidate=true; primary=false; factoryBeanName=org.springframework.boot.autoconfigure.jdbc.DataSourceConfiguration$Dbcp; factoryMethodName=dataSource; initMethodName=null; destroyMethodName=(inferred); defined in class path resource [org/springframework/boot/autoconfigure/jdbc/DataSourceConfiguration$Dbcp.class]] with [Root bean: class [null]; scope=; abstract=false; lazyInit=false; autowireMode=3; dependencyCheck=0; autowireCandidate=true; primary=false; factoryBeanName=org.springframework.boot.autoconfigure.jdbc.DataSourceConfiguration$Tomcat; factoryMethodName=dataSource; initMethodName=null; destroyMethodName=(inferred); defined in class path resource [org/springframework/boot/autoconfigure/jdbc/DataSourceConfiguration$Tomcat.class]]
2017-05-26 16:55:29,581  INFO AutowiredAnnotationBeanPostProcessor:155 - JSR-330 'javax.inject.Inject' annotation found and supported for autowiring
2017-05-26 16:55:31,821  INFO TomcatEmbeddedServletContainer:89 - Tomcat initialized with port(s): 9004 (http)
2017-05-26 16:55:32,924  INFO ContextLoader:276 - Root WebApplicationContext: initialization completed in 5582 ms
2017-05-26 16:55:33,506  INFO ServletRegistrationBean:190 - Mapping servlet: 'dispatcherServlet' to [/]
2017-05-26 16:55:33,566  INFO FilterRegistrationBean:258 - Mapping filter: 'characterEncodingFilter' to: [/*]
2017-05-26 16:55:33,568  INFO FilterRegistrationBean:258 - Mapping filter: 'hiddenHttpMethodFilter' to: [/*]
2017-05-26 16:55:33,568  INFO FilterRegistrationBean:258 - Mapping filter: 'httpPutFormContentFilter' to: [/*]
2017-05-26 16:55:33,574  INFO FilterRegistrationBean:258 - Mapping filter: 'requestContextFilter' to: [/*]
2017-05-26 16:55:35,283  INFO LocalContainerEntityManagerFactoryBean:349 - Building JPA container EntityManagerFactory for persistence unit 'default'
2017-05-26 16:55:35,317  INFO LogHelper:31 - HHH000204: Processing PersistenceUnitInfo [
	name: default
	...]
2017-05-26 16:55:35,568  INFO Version:37 - HHH000412: Hibernate Core {5.0.12.Final}
2017-05-26 16:55:35,572  INFO Environment:213 - HHH000206: hibernate.properties not found
2017-05-26 16:55:35,577  INFO Environment:317 - HHH000021: Bytecode provider name : javassist
2017-05-26 16:55:35,702  INFO Version:66 - HCANN000001: Hibernate Commons Annotations {5.0.1.Final}
2017-05-26 16:55:36,048  INFO Dialect:156 - HHH000400: Using dialect: org.hibernate.dialect.MySQL5Dialect
2017-05-26 16:55:36,727  INFO LocalContainerEntityManagerFactoryBean:379 - Initialized JPA EntityManagerFactory for persistence unit 'default'
2017-05-26 16:55:37,374  WARN AnnotationConfigEmbeddedWebApplicationContext:550 - Exception encountered during context initialization - cancelling refresh attempt: org.springframework.beans.factory.UnsatisfiedDependencyException: Error creating bean with name '/user': Unsatisfied dependency expressed through field 'userService'; nested exception is org.springframework.beans.factory.UnsatisfiedDependencyException: Error creating bean with name 'userServiceImpl': Unsatisfied dependency expressed through field 'baseDao'; nested exception is org.springframework.beans.factory.UnsatisfiedDependencyException: Error creating bean with name 'userMapper' defined in file [D:\WorkSpace\ActivitiTestApp\target\classes\com\app\demo\dao\UserMapper.class]: Unsatisfied dependency expressed through bean property 'sqlSessionFactory'; nested exception is org.springframework.beans.factory.BeanCreationException: Error creating bean with name 'sqlSessionFactory' defined in class path resource [com/app/demo/conf/MybatisConfig.class]: Bean instantiation via factory method failed; nested exception is org.springframework.beans.BeanInstantiationException: Failed to instantiate [org.apache.ibatis.session.SqlSessionFactory]: Factory method 'sqlSessionFactory' threw exception; nested exception is org.springframework.core.NestedIOException: Failed to parse mapping resource: 'file [D:\WorkSpace\ActivitiTestApp\target\classes\com\app\demo\mapper\user.xml]'; nested exception is org.apache.ibatis.builder.BuilderException: Error parsing Mapper XML. Cause: org.apache.ibatis.builder.BuilderException: Error resolving class. Cause: org.apache.ibatis.type.TypeException: Could not resolve type alias 'com.app.demo.domain.Userr'.  Cause: java.lang.ClassNotFoundException: Cannot find class: com.app.demo.domain.Userr
2017-05-26 16:55:37,375  INFO LocalContainerEntityManagerFactoryBean:548 - Closing JPA EntityManagerFactory for persistence unit 'default'
2017-05-26 16:55:37,541  INFO AutoConfigurationReportLoggingInitializer:101 - 

Error starting ApplicationContext. To display the auto-configuration report re-run your application with 'debug' enabled.
2017-05-26 16:55:37,554 ERROR SpringApplication:815 - Application startup failed
org.springframework.beans.factory.UnsatisfiedDependencyException: Error creating bean with name '/user': Unsatisfied dependency expressed through field 'userService'; nested exception is org.springframework.beans.factory.UnsatisfiedDependencyException: Error creating bean with name 'userServiceImpl': Unsatisfied dependency expressed through field 'baseDao'; nested exception is org.springframework.beans.factory.UnsatisfiedDependencyException: Error creating bean with name 'userMapper' defined in file [D:\WorkSpace\ActivitiTestApp\target\classes\com\app\demo\dao\UserMapper.class]: Unsatisfied dependency expressed through bean property 'sqlSessionFactory'; nested exception is org.springframework.beans.factory.BeanCreationException: Error creating bean with name 'sqlSessionFactory' defined in class path resource [com/app/demo/conf/MybatisConfig.class]: Bean instantiation via factory method failed; nested exception is org.springframework.beans.BeanInstantiationException: Failed to instantiate [org.apache.ibatis.session.SqlSessionFactory]: Factory method 'sqlSessionFactory' threw exception; nested exception is org.springframework.core.NestedIOException: Failed to parse mapping resource: 'file [D:\WorkSpace\ActivitiTestApp\target\classes\com\app\demo\mapper\user.xml]'; nested exception is org.apache.ibatis.builder.BuilderException: Error parsing Mapper XML. Cause: org.apache.ibatis.builder.BuilderException: Error resolving class. Cause: org.apache.ibatis.type.TypeException: Could not resolve type alias 'com.app.demo.domain.Userr'.  Cause: java.lang.ClassNotFoundException: Cannot find class: com.app.demo.domain.Userr
	at org.springframework.beans.factory.annotation.AutowiredAnnotationBeanPostProcessor$AutowiredFieldElement.inject(AutowiredAnnotationBeanPostProcessor.java:588)
	at org.springframework.beans.factory.annotation.InjectionMetadata.inject(InjectionMetadata.java:88)
	at org.springframework.beans.factory.annotation.AutowiredAnnotationBeanPostProcessor.postProcessPropertyValues(AutowiredAnnotationBeanPostProcessor.java:366)
	at org.springframework.beans.factory.support.AbstractAutowireCapableBeanFactory.populateBean(AbstractAutowireCapableBeanFactory.java:1264)
	at org.springframework.beans.factory.support.AbstractAutowireCapableBeanFactory.doCreateBean(AbstractAutowireCapableBeanFactory.java:553)
	at org.springframework.beans.factory.support.AbstractAutowireCapableBeanFactory.createBean(AbstractAutowireCapableBeanFactory.java:483)
	at org.springframework.beans.factory.support.AbstractBeanFactory$1.getObject(AbstractBeanFactory.java:306)
	at org.springframework.beans.factory.support.DefaultSingletonBeanRegistry.getSingleton(DefaultSingletonBeanRegistry.java:230)
	at org.springframework.beans.factory.support.AbstractBeanFactory.doGetBean(AbstractBeanFactory.java:302)
	at org.springframework.beans.factory.support.AbstractBeanFactory.getBean(AbstractBeanFactory.java:197)
	at org.springframework.beans.factory.support.DefaultListableBeanFactory.preInstantiateSingletons(DefaultListableBeanFactory.java:761)
	at org.springframework.context.support.AbstractApplicationContext.finishBeanFactoryInitialization(AbstractApplicationContext.java:866)
	at org.springframework.context.support.AbstractApplicationContext.refresh(AbstractApplicationContext.java:542)
	at org.springframework.boot.context.embedded.EmbeddedWebApplicationContext.refresh(EmbeddedWebApplicationContext.java:122)
	at org.springframework.boot.SpringApplication.refresh(SpringApplication.java:737)
	at org.springframework.boot.SpringApplication.refreshContext(SpringApplication.java:370)
	at org.springframework.boot.SpringApplication.run(SpringApplication.java:314)
	at org.springframework.boot.SpringApplication.run(SpringApplication.java:1162)
	at org.springframework.boot.SpringApplication.run(SpringApplication.java:1151)
	at com.app.demo.Application.main(Application.java:12)
Caused by: org.springframework.beans.factory.UnsatisfiedDependencyException: Error creating bean with name 'userServiceImpl': Unsatisfied dependency expressed through field 'baseDao'; nested exception is org.springframework.beans.factory.UnsatisfiedDependencyException: Error creating bean with name 'userMapper' defined in file [D:\WorkSpace\ActivitiTestApp\target\classes\com\app\demo\dao\UserMapper.class]: Unsatisfied dependency expressed through bean property 'sqlSessionFactory'; nested exception is org.springframework.beans.factory.BeanCreationException: Error creating bean with name 'sqlSessionFactory' defined in class path resource [com/app/demo/conf/MybatisConfig.class]: Bean instantiation via factory method failed; nested exception is org.springframework.beans.BeanInstantiationException: Failed to instantiate [org.apache.ibatis.session.SqlSessionFactory]: Factory method 'sqlSessionFactory' threw exception; nested exception is org.springframework.core.NestedIOException: Failed to parse mapping resource: 'file [D:\WorkSpace\ActivitiTestApp\target\classes\com\app\demo\mapper\user.xml]'; nested exception is org.apache.ibatis.builder.BuilderException: Error parsing Mapper XML. Cause: org.apache.ibatis.builder.BuilderException: Error resolving class. Cause: org.apache.ibatis.type.TypeException: Could not resolve type alias 'com.app.demo.domain.Userr'.  Cause: java.lang.ClassNotFoundException: Cannot find class: com.app.demo.domain.Userr
	at org.springframework.beans.factory.annotation.AutowiredAnnotationBeanPostProcessor$AutowiredFieldElement.inject(AutowiredAnnotationBeanPostProcessor.java:588)
	at org.springframework.beans.factory.annotation.InjectionMetadata.inject(InjectionMetadata.java:88)
	at org.springframework.beans.factory.annotation.AutowiredAnnotationBeanPostProcessor.postProcessPropertyValues(AutowiredAnnotationBeanPostProcessor.java:366)
	at org.springframework.beans.factory.support.AbstractAutowireCapableBeanFactory.populateBean(AbstractAutowireCapableBeanFactory.java:1264)
	at org.springframework.beans.factory.support.AbstractAutowireCapableBeanFactory.doCreateBean(AbstractAutowireCapableBeanFactory.java:553)
	at org.springframework.beans.factory.support.AbstractAutowireCapableBeanFactory.createBean(AbstractAutowireCapableBeanFactory.java:483)
	at org.springframework.beans.factory.support.AbstractBeanFactory$1.getObject(AbstractBeanFactory.java:306)
	at org.springframework.beans.factory.support.DefaultSingletonBeanRegistry.getSingleton(DefaultSingletonBeanRegistry.java:230)
	at org.springframework.beans.factory.support.AbstractBeanFactory.doGetBean(AbstractBeanFactory.java:302)
	at org.springframework.beans.factory.support.AbstractBeanFactory.getBean(AbstractBeanFactory.java:202)
	at org.springframework.beans.factory.config.DependencyDescriptor.resolveCandidate(DependencyDescriptor.java:208)
	at org.springframework.beans.factory.support.DefaultListableBeanFactory.doResolveDependency(DefaultListableBeanFactory.java:1138)
	at org.springframework.beans.factory.support.DefaultListableBeanFactory.resolveDependency(DefaultListableBeanFactory.java:1066)
	at org.springframework.beans.factory.annotation.AutowiredAnnotationBeanPostProcessor$AutowiredFieldElement.inject(AutowiredAnnotationBeanPostProcessor.java:585)
	... 19 more
Caused by: org.springframework.beans.factory.UnsatisfiedDependencyException: Error creating bean with name 'userMapper' defined in file [D:\WorkSpace\ActivitiTestApp\target\classes\com\app\demo\dao\UserMapper.class]: Unsatisfied dependency expressed through bean property 'sqlSessionFactory'; nested exception is org.springframework.beans.factory.BeanCreationException: Error creating bean with name 'sqlSessionFactory' defined in class path resource [com/app/demo/conf/MybatisConfig.class]: Bean instantiation via factory method failed; nested exception is org.springframework.beans.BeanInstantiationException: Failed to instantiate [org.apache.ibatis.session.SqlSessionFactory]: Factory method 'sqlSessionFactory' threw exception; nested exception is org.springframework.core.NestedIOException: Failed to parse mapping resource: 'file [D:\WorkSpace\ActivitiTestApp\target\classes\com\app\demo\mapper\user.xml]'; nested exception is org.apache.ibatis.builder.BuilderException: Error parsing Mapper XML. Cause: org.apache.ibatis.builder.BuilderException: Error resolving class. Cause: org.apache.ibatis.type.TypeException: Could not resolve type alias 'com.app.demo.domain.Userr'.  Cause: java.lang.ClassNotFoundException: Cannot find class: com.app.demo.domain.Userr
	at org.springframework.beans.factory.support.AbstractAutowireCapableBeanFactory.autowireByType(AbstractAutowireCapableBeanFactory.java:1357)
	at org.springframework.beans.factory.support.AbstractAutowireCapableBeanFactory.populateBean(AbstractAutowireCapableBeanFactory.java:1249)
	at org.springframework.beans.factory.support.AbstractAutowireCapableBeanFactory.doCreateBean(AbstractAutowireCapableBeanFactory.java:553)
	at org.springframework.beans.factory.support.AbstractAutowireCapableBeanFactory.createBean(AbstractAutowireCapableBeanFactory.java:483)
	at org.springframework.beans.factory.support.AbstractBeanFactory$1.getObject(AbstractBeanFactory.java:306)
	at org.springframework.beans.factory.support.DefaultSingletonBeanRegistry.getSingleton(DefaultSingletonBeanRegistry.java:230)
	at org.springframework.beans.factory.support.AbstractBeanFactory.doGetBean(AbstractBeanFactory.java:302)
	at org.springframework.beans.factory.support.AbstractBeanFactory.getBean(AbstractBeanFactory.java:202)
	at org.springframework.beans.factory.config.DependencyDescriptor.resolveCandidate(DependencyDescriptor.java:208)
	at org.springframework.beans.factory.support.DefaultListableBeanFactory.doResolveDependency(DefaultListableBeanFactory.java:1138)
	at org.springframework.beans.factory.support.DefaultListableBeanFactory.resolveDependency(DefaultListableBeanFactory.java:1066)
	at org.springframework.beans.factory.annotation.AutowiredAnnotationBeanPostProcessor$AutowiredFieldElement.inject(AutowiredAnnotationBeanPostProcessor.java:585)
	... 32 more
Caused by: org.springframework.beans.factory.BeanCreationException: Error creating bean with name 'sqlSessionFactory' defined in class path resource [com/app/demo/conf/MybatisConfig.class]: Bean instantiation via factory method failed; nested exception is org.springframework.beans.BeanInstantiationException: Failed to instantiate [org.apache.ibatis.session.SqlSessionFactory]: Factory method 'sqlSessionFactory' threw exception; nested exception is org.springframework.core.NestedIOException: Failed to parse mapping resource: 'file [D:\WorkSpace\ActivitiTestApp\target\classes\com\app\demo\mapper\user.xml]'; nested exception is org.apache.ibatis.builder.BuilderException: Error parsing Mapper XML. Cause: org.apache.ibatis.builder.BuilderException: Error resolving class. Cause: org.apache.ibatis.type.TypeException: Could not resolve type alias 'com.app.demo.domain.Userr'.  Cause: java.lang.ClassNotFoundException: Cannot find class: com.app.demo.domain.Userr
	at org.springframework.beans.factory.support.ConstructorResolver.instantiateUsingFactoryMethod(ConstructorResolver.java:599)
	at org.springframework.beans.factory.support.AbstractAutowireCapableBeanFactory.instantiateUsingFactoryMethod(AbstractAutowireCapableBeanFactory.java:1173)
	at org.springframework.beans.factory.support.AbstractAutowireCapableBeanFactory.createBeanInstance(AbstractAutowireCapableBeanFactory.java:1067)
	at org.springframework.beans.factory.support.AbstractAutowireCapableBeanFactory.doCreateBean(AbstractAutowireCapableBeanFactory.java:513)
	at org.springframework.beans.factory.support.AbstractAutowireCapableBeanFactory.createBean(AbstractAutowireCapableBeanFactory.java:483)
	at org.springframework.beans.factory.support.AbstractBeanFactory$1.getObject(AbstractBeanFactory.java:306)
	at org.springframework.beans.factory.support.DefaultSingletonBeanRegistry.getSingleton(DefaultSingletonBeanRegistry.java:230)
	at org.springframework.beans.factory.support.AbstractBeanFactory.doGetBean(AbstractBeanFactory.java:302)
	at org.springframework.beans.factory.support.AbstractBeanFactory.getBean(AbstractBeanFactory.java:202)
	at org.springframework.beans.factory.config.DependencyDescriptor.resolveCandidate(DependencyDescriptor.java:208)
	at org.springframework.beans.factory.support.DefaultListableBeanFactory.doResolveDependency(DefaultListableBeanFactory.java:1138)
	at org.springframework.beans.factory.support.DefaultListableBeanFactory.resolveDependency(DefaultListableBeanFactory.java:1066)
	at org.springframework.beans.factory.support.AbstractAutowireCapableBeanFactory.autowireByType(AbstractAutowireCapableBeanFactory.java:1342)
	... 43 more
Caused by: org.springframework.beans.BeanInstantiationException: Failed to instantiate [org.apache.ibatis.session.SqlSessionFactory]: Factory method 'sqlSessionFactory' threw exception; nested exception is org.springframework.core.NestedIOException: Failed to parse mapping resource: 'file [D:\WorkSpace\ActivitiTestApp\target\classes\com\app\demo\mapper\user.xml]'; nested exception is org.apache.ibatis.builder.BuilderException: Error parsing Mapper XML. Cause: org.apache.ibatis.builder.BuilderException: Error resolving class. Cause: org.apache.ibatis.type.TypeException: Could not resolve type alias 'com.app.demo.domain.Userr'.  Cause: java.lang.ClassNotFoundException: Cannot find class: com.app.demo.domain.Userr
	at org.springframework.beans.factory.support.SimpleInstantiationStrategy.instantiate(SimpleInstantiationStrategy.java:189)
	at org.springframework.beans.factory.support.ConstructorResolver.instantiateUsingFactoryMethod(ConstructorResolver.java:588)
	... 55 more
Caused by: org.springframework.core.NestedIOException: Failed to parse mapping resource: 'file [D:\WorkSpace\ActivitiTestApp\target\classes\com\app\demo\mapper\user.xml]'; nested exception is org.apache.ibatis.builder.BuilderException: Error parsing Mapper XML. Cause: org.apache.ibatis.builder.BuilderException: Error resolving class. Cause: org.apache.ibatis.type.TypeException: Could not resolve type alias 'com.app.demo.domain.Userr'.  Cause: java.lang.ClassNotFoundException: Cannot find class: com.app.demo.domain.Userr
	at org.mybatis.spring.SqlSessionFactoryBean.buildSqlSessionFactory(SqlSessionFactoryBean.java:523)
	at org.mybatis.spring.SqlSessionFactoryBean.afterPropertiesSet(SqlSessionFactoryBean.java:380)
	at org.mybatis.spring.SqlSessionFactoryBean.getObject(SqlSessionFactoryBean.java:547)
	at com.app.demo.conf.MybatisConfig.sqlSessionFactory(MybatisConfig.java:26)
	at com.app.demo.conf.MybatisConfig$$EnhancerBySpringCGLIB$$39e30a9.CGLIB$sqlSessionFactory$0(<generated>)
	at com.app.demo.conf.MybatisConfig$$EnhancerBySpringCGLIB$$39e30a9$$FastClassBySpringCGLIB$$b8b32eb7.invoke(<generated>)
	at org.springframework.cglib.proxy.MethodProxy.invokeSuper(MethodProxy.java:228)
	at org.springframework.context.annotation.ConfigurationClassEnhancer$BeanMethodInterceptor.intercept(ConfigurationClassEnhancer.java:358)
	at com.app.demo.conf.MybatisConfig$$EnhancerBySpringCGLIB$$39e30a9.sqlSessionFactory(<generated>)
	at sun.reflect.NativeMethodAccessorImpl.invoke0(Native Method)
	at sun.reflect.NativeMethodAccessorImpl.invoke(NativeMethodAccessorImpl.java:62)
	at sun.reflect.DelegatingMethodAccessorImpl.invoke(DelegatingMethodAccessorImpl.java:43)
	at java.lang.reflect.Method.invoke(Method.java:483)
	at org.springframework.beans.factory.support.SimpleInstantiationStrategy.instantiate(SimpleInstantiationStrategy.java:162)
	... 56 more
Caused by: org.apache.ibatis.builder.BuilderException: Error parsing Mapper XML. Cause: org.apache.ibatis.builder.BuilderException: Error resolving class. Cause: org.apache.ibatis.type.TypeException: Could not resolve type alias 'com.app.demo.domain.Userr'.  Cause: java.lang.ClassNotFoundException: Cannot find class: com.app.demo.domain.Userr
	at org.apache.ibatis.builder.xml.XMLMapperBuilder.configurationElement(XMLMapperBuilder.java:120)
	at org.apache.ibatis.builder.xml.XMLMapperBuilder.parse(XMLMapperBuilder.java:92)
	at org.mybatis.spring.SqlSessionFactoryBean.buildSqlSessionFactory(SqlSessionFactoryBean.java:521)
	... 69 more
Caused by: org.apache.ibatis.builder.BuilderException: Error resolving class. Cause: org.apache.ibatis.type.TypeException: Could not resolve type alias 'com.app.demo.domain.Userr'.  Cause: java.lang.ClassNotFoundException: Cannot find class: com.app.demo.domain.Userr
	at org.apache.ibatis.builder.BaseBuilder.resolveClass(BaseBuilder.java:118)
	at org.apache.ibatis.builder.xml.XMLMapperBuilder.resultMapElement(XMLMapperBuilder.java:265)
	at org.apache.ibatis.builder.xml.XMLMapperBuilder.resultMapElement(XMLMapperBuilder.java:252)
	at org.apache.ibatis.builder.xml.XMLMapperBuilder.resultMapElements(XMLMapperBuilder.java:244)
	at org.apache.ibatis.builder.xml.XMLMapperBuilder.configurationElement(XMLMapperBuilder.java:116)
	... 71 more
Caused by: org.apache.ibatis.type.TypeException: Could not resolve type alias 'com.app.demo.domain.Userr'.  Cause: java.lang.ClassNotFoundException: Cannot find class: com.app.demo.domain.Userr
	at org.apache.ibatis.type.TypeAliasRegistry.resolveAlias(TypeAliasRegistry.java:120)
	at org.apache.ibatis.builder.BaseBuilder.resolveAlias(BaseBuilder.java:149)
	at org.apache.ibatis.builder.BaseBuilder.resolveClass(BaseBuilder.java:116)
	... 75 more
Caused by: java.lang.ClassNotFoundException: Cannot find class: com.app.demo.domain.Userr
	at org.apache.ibatis.io.ClassLoaderWrapper.classForName(ClassLoaderWrapper.java:200)
	at org.apache.ibatis.io.ClassLoaderWrapper.classForName(ClassLoaderWrapper.java:89)
	at org.apache.ibatis.io.Resources.classForName(Resources.java:261)
	at org.apache.ibatis.type.TypeAliasRegistry.resolveAlias(TypeAliasRegistry.java:116)
	... 77 more
2017-05-26 16:56:27,356  INFO Application:48 - Starting Application on YUZHIYOU with PID 7892 (D:\WorkSpace\ActivitiTestApp\target\classes started by yuzhiyou in D:\WorkSpace\ActivitiTestApp)
2017-05-26 16:56:27,364  INFO Application:637 - No active profile set, falling back to default profiles: default
2017-05-26 16:56:28,129  INFO Version:30 - HV000001: Hibernate Validator 5.3.5.Final
2017-05-26 16:56:28,238  INFO AnnotationConfigEmbeddedWebApplicationContext:582 - Refreshing org.springframework.boot.context.embedded.AnnotationConfigEmbeddedWebApplicationContext@76b10754: startup date [Fri May 26 16:56:28 CST 2017]; root of context hierarchy
2017-05-26 16:56:29,678  INFO DefaultListableBeanFactory:828 - Overriding bean definition for bean 'dataSource' with a different definition: replacing [Root bean: class [null]; scope=; abstract=false; lazyInit=false; autowireMode=3; dependencyCheck=0; autowireCandidate=true; primary=false; factoryBeanName=org.springframework.boot.autoconfigure.jdbc.DataSourceConfiguration$Dbcp; factoryMethodName=dataSource; initMethodName=null; destroyMethodName=(inferred); defined in class path resource [org/springframework/boot/autoconfigure/jdbc/DataSourceConfiguration$Dbcp.class]] with [Root bean: class [null]; scope=; abstract=false; lazyInit=false; autowireMode=3; dependencyCheck=0; autowireCandidate=true; primary=false; factoryBeanName=org.springframework.boot.autoconfigure.jdbc.DataSourceConfiguration$Tomcat; factoryMethodName=dataSource; initMethodName=null; destroyMethodName=(inferred); defined in class path resource [org/springframework/boot/autoconfigure/jdbc/DataSourceConfiguration$Tomcat.class]]
2017-05-26 16:56:30,379  INFO AutowiredAnnotationBeanPostProcessor:155 - JSR-330 'javax.inject.Inject' annotation found and supported for autowiring
2017-05-26 16:56:32,555  INFO TomcatEmbeddedServletContainer:89 - Tomcat initialized with port(s): 9004 (http)
2017-05-26 16:56:32,896  INFO ContextLoader:276 - Root WebApplicationContext: initialization completed in 4662 ms
2017-05-26 16:56:33,389  INFO ServletRegistrationBean:190 - Mapping servlet: 'dispatcherServlet' to [/]
2017-05-26 16:56:33,398  INFO FilterRegistrationBean:258 - Mapping filter: 'characterEncodingFilter' to: [/*]
2017-05-26 16:56:33,399  INFO FilterRegistrationBean:258 - Mapping filter: 'hiddenHttpMethodFilter' to: [/*]
2017-05-26 16:56:33,400  INFO FilterRegistrationBean:258 - Mapping filter: 'httpPutFormContentFilter' to: [/*]
2017-05-26 16:56:33,401  INFO FilterRegistrationBean:258 - Mapping filter: 'requestContextFilter' to: [/*]
2017-05-26 16:56:35,145  INFO LocalContainerEntityManagerFactoryBean:349 - Building JPA container EntityManagerFactory for persistence unit 'default'
2017-05-26 16:56:35,177  INFO LogHelper:31 - HHH000204: Processing PersistenceUnitInfo [
	name: default
	...]
2017-05-26 16:56:35,369  INFO Version:37 - HHH000412: Hibernate Core {5.0.12.Final}
2017-05-26 16:56:35,373  INFO Environment:213 - HHH000206: hibernate.properties not found
2017-05-26 16:56:35,377  INFO Environment:317 - HHH000021: Bytecode provider name : javassist
2017-05-26 16:56:35,491  INFO Version:66 - HCANN000001: Hibernate Commons Annotations {5.0.1.Final}
2017-05-26 16:56:35,812  INFO Dialect:156 - HHH000400: Using dialect: org.hibernate.dialect.MySQL5Dialect
2017-05-26 16:56:36,414  INFO LocalContainerEntityManagerFactoryBean:379 - Initialized JPA EntityManagerFactory for persistence unit 'default'
2017-05-26 16:56:37,272  WARN AbstractProcessEngineConfiguration:68 - No process definitions were found using the specified path (classpath:/processes/**.bpmn20.xml).
2017-05-26 16:56:39,321  INFO ProcessEngineImpl:85 - ProcessEngine default created
2017-05-26 16:56:39,324  INFO DefaultAsyncJobExecutor:95 - Starting up the default async job executor [org.activiti.spring.SpringAsyncExecutor].
2017-05-26 16:56:39,327  INFO AcquireAsyncJobsDueRunnable:45 - {} starting to acquire async jobs due
2017-05-26 16:56:39,418  INFO AcquireTimerJobsRunnable:45 - {} starting to acquire async jobs due
2017-05-26 16:56:40,493  INFO RequestMappingHandlerAdapter:534 - Looking for @ControllerAdvice: org.springframework.boot.context.embedded.AnnotationConfigEmbeddedWebApplicationContext@76b10754: startup date [Fri May 26 16:56:28 CST 2017]; root of context hierarchy
2017-05-26 16:56:40,718  INFO RequestMappingHandlerMapping:543 - Mapped "{[/]}" onto public com.app.demo.response.ResponseJson com.app.demo.controller.HelloController.hello()
2017-05-26 16:56:40,721  INFO RequestMappingHandlerMapping:543 - Mapped "{[/add],methods=[POST]}" onto public com.app.demo.response.ResponseJson com.app.demo.controller.UserController.add(com.app.demo.domain.User)
2017-05-26 16:56:40,722  INFO RequestMappingHandlerMapping:543 - Mapped "{[/update],methods=[POST]}" onto public com.app.demo.response.ResponseJson com.app.demo.controller.UserController.update(com.app.demo.domain.User)
2017-05-26 16:56:40,723  INFO RequestMappingHandlerMapping:543 - Mapped "{[/delete],methods=[GET]}" onto public com.app.demo.response.ResponseJson com.app.demo.controller.UserController.delete(java.lang.Long)
2017-05-26 16:56:40,724  INFO RequestMappingHandlerMapping:543 - Mapped "{[/list],methods=[GET]}" onto public com.app.demo.response.ResponseJson com.app.demo.controller.UserController.list()
2017-05-26 16:56:40,725  INFO RequestMappingHandlerMapping:543 - Mapped "{[/view],methods=[GET]}" onto public com.app.demo.response.ResponseJson com.app.demo.controller.UserController.view(java.lang.Long)
2017-05-26 16:56:40,730  INFO RequestMappingHandlerMapping:543 - Mapped "{[/error]}" onto public org.springframework.http.ResponseEntity<java.util.Map<java.lang.String, java.lang.Object>> org.springframework.boot.autoconfigure.web.BasicErrorController.error(javax.servlet.http.HttpServletRequest)
2017-05-26 16:56:40,732  INFO RequestMappingHandlerMapping:543 - Mapped "{[/error],produces=[text/html]}" onto public org.springframework.web.servlet.ModelAndView org.springframework.boot.autoconfigure.web.BasicErrorController.errorHtml(javax.servlet.http.HttpServletRequest,javax.servlet.http.HttpServletResponse)
2017-05-26 16:56:40,822  INFO BeanNameUrlHandlerMapping:362 - Mapped URL path [/user] onto handler '/user'
2017-05-26 16:56:40,856  INFO SimpleUrlHandlerMapping:362 - Mapped URL path [/webjars/**] onto handler of type [class org.springframework.web.servlet.resource.ResourceHttpRequestHandler]
2017-05-26 16:56:40,856  INFO SimpleUrlHandlerMapping:362 - Mapped URL path [/**] onto handler of type [class org.springframework.web.servlet.resource.ResourceHttpRequestHandler]
2017-05-26 16:56:40,992  INFO SimpleUrlHandlerMapping:362 - Mapped URL path [/**/favicon.ico] onto handler of type [class org.springframework.web.servlet.resource.ResourceHttpRequestHandler]
2017-05-26 16:56:42,623  INFO AnnotationMBeanExporter:431 - Registering beans for JMX exposure on startup
2017-05-26 16:56:42,900  INFO TomcatEmbeddedServletContainer:198 - Tomcat started on port(s): 9004 (http)
2017-05-26 16:56:42,911  INFO Application:57 - Started Application in 16.097 seconds (JVM running for 16.853)
2017-05-26 16:58:04,931  INFO Application:48 - Starting Application on YUZHIYOU with PID 9916 (D:\WorkSpace\ActivitiTestApp\target\classes started by yuzhiyou in D:\WorkSpace\ActivitiTestApp)
2017-05-26 16:58:04,935  INFO Application:637 - No active profile set, falling back to default profiles: default
2017-05-26 16:58:05,595  INFO AnnotationConfigEmbeddedWebApplicationContext:582 - Refreshing org.springframework.boot.context.embedded.AnnotationConfigEmbeddedWebApplicationContext@76b10754: startup date [Fri May 26 16:58:05 CST 2017]; root of context hierarchy
2017-05-26 16:58:05,672  INFO Version:30 - HV000001: Hibernate Validator 5.3.5.Final
2017-05-26 16:58:07,193  INFO DefaultListableBeanFactory:828 - Overriding bean definition for bean 'dataSource' with a different definition: replacing [Root bean: class [null]; scope=; abstract=false; lazyInit=false; autowireMode=3; dependencyCheck=0; autowireCandidate=true; primary=false; factoryBeanName=org.springframework.boot.autoconfigure.jdbc.DataSourceConfiguration$Dbcp; factoryMethodName=dataSource; initMethodName=null; destroyMethodName=(inferred); defined in class path resource [org/springframework/boot/autoconfigure/jdbc/DataSourceConfiguration$Dbcp.class]] with [Root bean: class [null]; scope=; abstract=false; lazyInit=false; autowireMode=3; dependencyCheck=0; autowireCandidate=true; primary=false; factoryBeanName=org.springframework.boot.autoconfigure.jdbc.DataSourceConfiguration$Tomcat; factoryMethodName=dataSource; initMethodName=null; destroyMethodName=(inferred); defined in class path resource [org/springframework/boot/autoconfigure/jdbc/DataSourceConfiguration$Tomcat.class]]
2017-05-26 16:58:07,810  INFO AutowiredAnnotationBeanPostProcessor:155 - JSR-330 'javax.inject.Inject' annotation found and supported for autowiring
2017-05-26 16:58:09,855  INFO TomcatEmbeddedServletContainer:89 - Tomcat initialized with port(s): 8080 (http)
2017-05-26 16:58:10,300  INFO ContextLoader:276 - Root WebApplicationContext: initialization completed in 4713 ms
2017-05-26 16:58:10,742  INFO ServletRegistrationBean:190 - Mapping servlet: 'dispatcherServlet' to [/]
2017-05-26 16:58:10,758  INFO FilterRegistrationBean:258 - Mapping filter: 'characterEncodingFilter' to: [/*]
2017-05-26 16:58:10,760  INFO FilterRegistrationBean:258 - Mapping filter: 'hiddenHttpMethodFilter' to: [/*]
2017-05-26 16:58:10,760  INFO FilterRegistrationBean:258 - Mapping filter: 'httpPutFormContentFilter' to: [/*]
2017-05-26 16:58:10,761  INFO FilterRegistrationBean:258 - Mapping filter: 'requestContextFilter' to: [/*]
2017-05-26 16:58:12,209  INFO LocalContainerEntityManagerFactoryBean:349 - Building JPA container EntityManagerFactory for persistence unit 'default'
2017-05-26 16:58:12,242  INFO LogHelper:31 - HHH000204: Processing PersistenceUnitInfo [
	name: default
	...]
2017-05-26 16:58:12,407  INFO Version:37 - HHH000412: Hibernate Core {5.0.12.Final}
2017-05-26 16:58:12,411  INFO Environment:213 - HHH000206: hibernate.properties not found
2017-05-26 16:58:12,416  INFO Environment:317 - HHH000021: Bytecode provider name : javassist
2017-05-26 16:58:12,516  INFO Version:66 - HCANN000001: Hibernate Commons Annotations {5.0.1.Final}
2017-05-26 16:58:12,815  INFO Dialect:156 - HHH000400: Using dialect: org.hibernate.dialect.MySQL5Dialect
2017-05-26 16:58:13,299  INFO LocalContainerEntityManagerFactoryBean:379 - Initialized JPA EntityManagerFactory for persistence unit 'default'
2017-05-26 16:58:14,439  WARN AbstractProcessEngineConfiguration:68 - No process definitions were found using the specified path (classpath:/processes/**.bpmn20.xml).
2017-05-26 16:58:16,103  INFO ProcessEngineImpl:85 - ProcessEngine default created
2017-05-26 16:58:16,109  INFO DefaultAsyncJobExecutor:95 - Starting up the default async job executor [org.activiti.spring.SpringAsyncExecutor].
2017-05-26 16:58:16,114  INFO AcquireTimerJobsRunnable:45 - {} starting to acquire async jobs due
2017-05-26 16:58:16,140  INFO AcquireAsyncJobsDueRunnable:45 - {} starting to acquire async jobs due
2017-05-26 16:58:17,196  INFO RequestMappingHandlerAdapter:534 - Looking for @ControllerAdvice: org.springframework.boot.context.embedded.AnnotationConfigEmbeddedWebApplicationContext@76b10754: startup date [Fri May 26 16:58:05 CST 2017]; root of context hierarchy
2017-05-26 16:58:17,385  INFO RequestMappingHandlerMapping:543 - Mapped "{[/]}" onto public com.app.demo.response.ResponseJson com.app.demo.controller.HelloController.hello()
2017-05-26 16:58:17,388  INFO RequestMappingHandlerMapping:543 - Mapped "{[/add],methods=[POST]}" onto public com.app.demo.response.ResponseJson com.app.demo.controller.UserController.add(com.app.demo.domain.User)
2017-05-26 16:58:17,390  INFO RequestMappingHandlerMapping:543 - Mapped "{[/update],methods=[POST]}" onto public com.app.demo.response.ResponseJson com.app.demo.controller.UserController.update(com.app.demo.domain.User)
2017-05-26 16:58:17,390  INFO RequestMappingHandlerMapping:543 - Mapped "{[/delete],methods=[GET]}" onto public com.app.demo.response.ResponseJson com.app.demo.controller.UserController.delete(java.lang.Long)
2017-05-26 16:58:17,391  INFO RequestMappingHandlerMapping:543 - Mapped "{[/list],methods=[GET]}" onto public com.app.demo.response.ResponseJson com.app.demo.controller.UserController.list()
2017-05-26 16:58:17,391  INFO RequestMappingHandlerMapping:543 - Mapped "{[/view],methods=[GET]}" onto public com.app.demo.response.ResponseJson com.app.demo.controller.UserController.view(java.lang.Long)
2017-05-26 16:58:17,395  INFO RequestMappingHandlerMapping:543 - Mapped "{[/error]}" onto public org.springframework.http.ResponseEntity<java.util.Map<java.lang.String, java.lang.Object>> org.springframework.boot.autoconfigure.web.BasicErrorController.error(javax.servlet.http.HttpServletRequest)
2017-05-26 16:58:17,396  INFO RequestMappingHandlerMapping:543 - Mapped "{[/error],produces=[text/html]}" onto public org.springframework.web.servlet.ModelAndView org.springframework.boot.autoconfigure.web.BasicErrorController.errorHtml(javax.servlet.http.HttpServletRequest,javax.servlet.http.HttpServletResponse)
2017-05-26 16:58:17,482  INFO BeanNameUrlHandlerMapping:362 - Mapped URL path [/user] onto handler '/user'
2017-05-26 16:58:17,509  INFO SimpleUrlHandlerMapping:362 - Mapped URL path [/webjars/**] onto handler of type [class org.springframework.web.servlet.resource.ResourceHttpRequestHandler]
2017-05-26 16:58:17,510  INFO SimpleUrlHandlerMapping:362 - Mapped URL path [/**] onto handler of type [class org.springframework.web.servlet.resource.ResourceHttpRequestHandler]
2017-05-26 16:58:17,614  INFO SimpleUrlHandlerMapping:362 - Mapped URL path [/**/favicon.ico] onto handler of type [class org.springframework.web.servlet.resource.ResourceHttpRequestHandler]
2017-05-26 16:58:18,994  INFO AnnotationMBeanExporter:431 - Registering beans for JMX exposure on startup
2017-05-26 16:58:19,135  INFO TomcatEmbeddedServletContainer:198 - Tomcat started on port(s): 8080 (http)
2017-05-26 16:58:19,144  INFO Application:57 - Started Application in 14.778 seconds (JVM running for 15.446)
2017-05-26 16:58:42,551  INFO DispatcherServlet:489 - FrameworkServlet 'dispatcherServlet': initialization started
2017-05-26 16:58:42,615  INFO DispatcherServlet:508 - FrameworkServlet 'dispatcherServlet': initialization completed in 64 ms
2017-05-26 16:58:42,732  INFO WebLogAspect:37 - URL:http://localhost:8080/
2017-05-26 16:58:42,733  INFO WebLogAspect:38 - HTTP_METHOD:GET
2017-05-26 16:58:42,734  INFO WebLogAspect:39 - IP:0:0:0:0:0:0:0:1
2017-05-26 16:58:42,739  INFO WebLogAspect:40 - CLASS_METHOD:com.app.demo.controller.HelloController.hello
2017-05-26 16:58:42,739  INFO WebLogAspect:41 - ARGS:[]
2017-05-26 16:58:43,478  INFO WebLogAspect:47 - RESPONSE:ResponseJson [code=0, msg=OK, data=["hello","java"]]]
2017-05-26 16:58:43,479  INFO WebLogAspect:48 - SPEND TIME:747
2017-05-26 17:09:01,571  INFO Application:48 - Starting Application on YUZHIYOU with PID 10896 (D:\WorkSpace\ActivitiTestApp\target\classes started by yuzhiyou in D:\WorkSpace\ActivitiTestApp)
2017-05-26 17:09:01,576  INFO Application:637 - No active profile set, falling back to default profiles: default
2017-05-26 17:09:02,169  INFO AnnotationConfigEmbeddedWebApplicationContext:582 - Refreshing org.springframework.boot.context.embedded.AnnotationConfigEmbeddedWebApplicationContext@76b10754: startup date [Fri May 26 17:09:02 CST 2017]; root of context hierarchy
2017-05-26 17:09:03,121  INFO Version:30 - HV000001: Hibernate Validator 5.3.5.Final
2017-05-26 17:09:03,820  INFO DefaultListableBeanFactory:828 - Overriding bean definition for bean 'dataSource' with a different definition: replacing [Root bean: class [null]; scope=; abstract=false; lazyInit=false; autowireMode=3; dependencyCheck=0; autowireCandidate=true; primary=false; factoryBeanName=org.springframework.boot.autoconfigure.jdbc.DataSourceConfiguration$Dbcp; factoryMethodName=dataSource; initMethodName=null; destroyMethodName=(inferred); defined in class path resource [org/springframework/boot/autoconfigure/jdbc/DataSourceConfiguration$Dbcp.class]] with [Root bean: class [null]; scope=; abstract=false; lazyInit=false; autowireMode=3; dependencyCheck=0; autowireCandidate=true; primary=false; factoryBeanName=org.springframework.boot.autoconfigure.jdbc.DataSourceConfiguration$Tomcat; factoryMethodName=dataSource; initMethodName=null; destroyMethodName=(inferred); defined in class path resource [org/springframework/boot/autoconfigure/jdbc/DataSourceConfiguration$Tomcat.class]]
2017-05-26 17:09:04,789  INFO AutowiredAnnotationBeanPostProcessor:155 - JSR-330 'javax.inject.Inject' annotation found and supported for autowiring
2017-05-26 17:09:06,915  INFO TomcatEmbeddedServletContainer:89 - Tomcat initialized with port(s): 8080 (http)
2017-05-26 17:09:07,334  INFO ContextLoader:276 - Root WebApplicationContext: initialization completed in 5170 ms
2017-05-26 17:09:07,711  INFO ServletRegistrationBean:190 - Mapping servlet: 'dispatcherServlet' to [/]
2017-05-26 17:09:07,720  INFO FilterRegistrationBean:258 - Mapping filter: 'characterEncodingFilter' to: [/*]
2017-05-26 17:09:07,721  INFO FilterRegistrationBean:258 - Mapping filter: 'hiddenHttpMethodFilter' to: [/*]
2017-05-26 17:09:07,722  INFO FilterRegistrationBean:258 - Mapping filter: 'httpPutFormContentFilter' to: [/*]
2017-05-26 17:09:07,723  INFO FilterRegistrationBean:258 - Mapping filter: 'requestContextFilter' to: [/*]
2017-05-26 17:09:09,352  INFO LocalContainerEntityManagerFactoryBean:349 - Building JPA container EntityManagerFactory for persistence unit 'default'
2017-05-26 17:09:09,387  INFO LogHelper:31 - HHH000204: Processing PersistenceUnitInfo [
	name: default
	...]
2017-05-26 17:09:09,663  INFO Version:37 - HHH000412: Hibernate Core {5.0.12.Final}
2017-05-26 17:09:09,668  INFO Environment:213 - HHH000206: hibernate.properties not found
2017-05-26 17:09:09,672  INFO Environment:317 - HHH000021: Bytecode provider name : javassist
2017-05-26 17:09:09,776  INFO Version:66 - HCANN000001: Hibernate Commons Annotations {5.0.1.Final}
2017-05-26 17:09:10,057  INFO Dialect:156 - HHH000400: Using dialect: org.hibernate.dialect.MySQL5Dialect
2017-05-26 17:09:10,783  INFO LocalContainerEntityManagerFactoryBean:379 - Initialized JPA EntityManagerFactory for persistence unit 'default'
2017-05-26 17:09:11,882  WARN AbstractProcessEngineConfiguration:68 - No process definitions were found using the specified path (classpath:/processes/**.bpmn20.xml).
2017-05-26 17:09:13,752  INFO ProcessEngineImpl:85 - ProcessEngine default created
2017-05-26 17:09:13,755  INFO DefaultAsyncJobExecutor:95 - Starting up the default async job executor [org.activiti.spring.SpringAsyncExecutor].
2017-05-26 17:09:13,757  INFO AcquireTimerJobsRunnable:45 - {} starting to acquire async jobs due
2017-05-26 17:09:13,757  INFO AcquireAsyncJobsDueRunnable:45 - {} starting to acquire async jobs due
2017-05-26 17:09:15,603  INFO RequestMappingHandlerAdapter:534 - Looking for @ControllerAdvice: org.springframework.boot.context.embedded.AnnotationConfigEmbeddedWebApplicationContext@76b10754: startup date [Fri May 26 17:09:02 CST 2017]; root of context hierarchy
2017-05-26 17:09:15,819  INFO RequestMappingHandlerMapping:543 - Mapped "{[/]}" onto public com.app.demo.response.ResponseJson com.app.demo.controller.HelloController.hello()
2017-05-26 17:09:15,823  INFO RequestMappingHandlerMapping:543 - Mapped "{[/add],methods=[POST]}" onto public com.app.demo.response.ResponseJson com.app.demo.controller.UserController.add(com.app.demo.domain.User)
2017-05-26 17:09:15,824  INFO RequestMappingHandlerMapping:543 - Mapped "{[/update],methods=[POST]}" onto public com.app.demo.response.ResponseJson com.app.demo.controller.UserController.update(com.app.demo.domain.User)
2017-05-26 17:09:15,824  INFO RequestMappingHandlerMapping:543 - Mapped "{[/delete],methods=[GET]}" onto public com.app.demo.response.ResponseJson com.app.demo.controller.UserController.delete(java.lang.Long)
2017-05-26 17:09:15,826  INFO RequestMappingHandlerMapping:543 - Mapped "{[/list],methods=[GET]}" onto public com.app.demo.response.ResponseJson com.app.demo.controller.UserController.list()
2017-05-26 17:09:15,827  INFO RequestMappingHandlerMapping:543 - Mapped "{[/view],methods=[GET]}" onto public com.app.demo.response.ResponseJson com.app.demo.controller.UserController.view(java.lang.Long)
2017-05-26 17:09:15,832  INFO RequestMappingHandlerMapping:543 - Mapped "{[/error]}" onto public org.springframework.http.ResponseEntity<java.util.Map<java.lang.String, java.lang.Object>> org.springframework.boot.autoconfigure.web.BasicErrorController.error(javax.servlet.http.HttpServletRequest)
2017-05-26 17:09:15,832  INFO RequestMappingHandlerMapping:543 - Mapped "{[/error],produces=[text/html]}" onto public org.springframework.web.servlet.ModelAndView org.springframework.boot.autoconfigure.web.BasicErrorController.errorHtml(javax.servlet.http.HttpServletRequest,javax.servlet.http.HttpServletResponse)
2017-05-26 17:09:15,934  INFO SimpleUrlHandlerMapping:362 - Mapped URL path [/webjars/**] onto handler of type [class org.springframework.web.servlet.resource.ResourceHttpRequestHandler]
2017-05-26 17:09:15,936  INFO SimpleUrlHandlerMapping:362 - Mapped URL path [/**] onto handler of type [class org.springframework.web.servlet.resource.ResourceHttpRequestHandler]
2017-05-26 17:09:16,040  INFO SimpleUrlHandlerMapping:362 - Mapped URL path [/**/favicon.ico] onto handler of type [class org.springframework.web.servlet.resource.ResourceHttpRequestHandler]
2017-05-26 17:09:17,822  INFO AnnotationMBeanExporter:431 - Registering beans for JMX exposure on startup
2017-05-26 17:09:18,044  INFO TomcatEmbeddedServletContainer:198 - Tomcat started on port(s): 8080 (http)
2017-05-26 17:09:18,059  INFO Application:57 - Started Application in 17.089 seconds (JVM running for 17.836)
2017-05-26 17:09:26,827  INFO DispatcherServlet:489 - FrameworkServlet 'dispatcherServlet': initialization started
2017-05-26 17:09:26,880  INFO DispatcherServlet:508 - FrameworkServlet 'dispatcherServlet': initialization completed in 52 ms
2017-05-26 17:09:50,490  INFO WebLogAspect:37 - URL:http://localhost:8080/
2017-05-26 17:09:50,491  INFO WebLogAspect:38 - HTTP_METHOD:GET
2017-05-26 17:09:50,491  INFO WebLogAspect:39 - IP:0:0:0:0:0:0:0:1
2017-05-26 17:09:50,495  INFO WebLogAspect:40 - CLASS_METHOD:com.app.demo.controller.HelloController.hello
2017-05-26 17:09:50,496  INFO WebLogAspect:41 - ARGS:[]
2017-05-26 17:09:51,053  INFO WebLogAspect:47 - RESPONSE:ResponseJson [code=0, msg=OK, data=["hello","java"]]]
2017-05-26 17:09:51,055  INFO WebLogAspect:48 - SPEND TIME:565
2017-05-26 17:10:53,740  INFO Application:48 - Starting Application on YUZHIYOU with PID 10740 (D:\WorkSpace\ActivitiTestApp\target\classes started by yuzhiyou in D:\WorkSpace\ActivitiTestApp)
2017-05-26 17:10:53,743  INFO Application:637 - No active profile set, falling back to default profiles: default
2017-05-26 17:10:54,515  INFO Version:30 - HV000001: Hibernate Validator 5.3.5.Final
2017-05-26 17:10:54,702  INFO AnnotationConfigEmbeddedWebApplicationContext:582 - Refreshing org.springframework.boot.context.embedded.AnnotationConfigEmbeddedWebApplicationContext@76b10754: startup date [Fri May 26 17:10:54 CST 2017]; root of context hierarchy
2017-05-26 17:10:56,293  INFO DefaultListableBeanFactory:828 - Overriding bean definition for bean 'dataSource' with a different definition: replacing [Root bean: class [null]; scope=; abstract=false; lazyInit=false; autowireMode=3; dependencyCheck=0; autowireCandidate=true; primary=false; factoryBeanName=org.springframework.boot.autoconfigure.jdbc.DataSourceConfiguration$Dbcp; factoryMethodName=dataSource; initMethodName=null; destroyMethodName=(inferred); defined in class path resource [org/springframework/boot/autoconfigure/jdbc/DataSourceConfiguration$Dbcp.class]] with [Root bean: class [null]; scope=; abstract=false; lazyInit=false; autowireMode=3; dependencyCheck=0; autowireCandidate=true; primary=false; factoryBeanName=org.springframework.boot.autoconfigure.jdbc.DataSourceConfiguration$Tomcat; factoryMethodName=dataSource; initMethodName=null; destroyMethodName=(inferred); defined in class path resource [org/springframework/boot/autoconfigure/jdbc/DataSourceConfiguration$Tomcat.class]]
2017-05-26 17:10:57,114  INFO AutowiredAnnotationBeanPostProcessor:155 - JSR-330 'javax.inject.Inject' annotation found and supported for autowiring
2017-05-26 17:10:59,323  INFO TomcatEmbeddedServletContainer:89 - Tomcat initialized with port(s): 8080 (http)
2017-05-26 17:10:59,615  INFO ContextLoader:276 - Root WebApplicationContext: initialization completed in 4920 ms
2017-05-26 17:11:00,067  INFO ServletRegistrationBean:190 - Mapping servlet: 'dispatcherServlet' to [/]
2017-05-26 17:11:00,075  INFO FilterRegistrationBean:258 - Mapping filter: 'characterEncodingFilter' to: [/*]
2017-05-26 17:11:00,076  INFO FilterRegistrationBean:258 - Mapping filter: 'hiddenHttpMethodFilter' to: [/*]
2017-05-26 17:11:00,076  INFO FilterRegistrationBean:258 - Mapping filter: 'httpPutFormContentFilter' to: [/*]
2017-05-26 17:11:00,077  INFO FilterRegistrationBean:258 - Mapping filter: 'requestContextFilter' to: [/*]
2017-05-26 17:11:01,836  INFO LocalContainerEntityManagerFactoryBean:349 - Building JPA container EntityManagerFactory for persistence unit 'default'
2017-05-26 17:11:01,887  INFO LogHelper:31 - HHH000204: Processing PersistenceUnitInfo [
	name: default
	...]
2017-05-26 17:11:02,063  INFO Version:37 - HHH000412: Hibernate Core {5.0.12.Final}
2017-05-26 17:11:02,068  INFO Environment:213 - HHH000206: hibernate.properties not found
2017-05-26 17:11:02,072  INFO Environment:317 - HHH000021: Bytecode provider name : javassist
2017-05-26 17:11:02,248  INFO Version:66 - HCANN000001: Hibernate Commons Annotations {5.0.1.Final}
2017-05-26 17:11:02,528  INFO Dialect:156 - HHH000400: Using dialect: org.hibernate.dialect.MySQL5Dialect
2017-05-26 17:11:03,019  INFO LocalContainerEntityManagerFactoryBean:379 - Initialized JPA EntityManagerFactory for persistence unit 'default'
2017-05-26 17:11:04,033  WARN AbstractProcessEngineConfiguration:68 - No process definitions were found using the specified path (classpath:/processes/**.bpmn20.xml).
2017-05-26 17:11:06,197  INFO ProcessEngineImpl:85 - ProcessEngine default created
2017-05-26 17:11:06,202  INFO DefaultAsyncJobExecutor:95 - Starting up the default async job executor [org.activiti.spring.SpringAsyncExecutor].
2017-05-26 17:11:06,205  INFO AcquireAsyncJobsDueRunnable:45 - {} starting to acquire async jobs due
2017-05-26 17:11:06,243  INFO AcquireTimerJobsRunnable:45 - {} starting to acquire async jobs due
2017-05-26 17:11:07,250  INFO RequestMappingHandlerAdapter:534 - Looking for @ControllerAdvice: org.springframework.boot.context.embedded.AnnotationConfigEmbeddedWebApplicationContext@76b10754: startup date [Fri May 26 17:10:54 CST 2017]; root of context hierarchy
2017-05-26 17:11:07,418  INFO RequestMappingHandlerMapping:543 - Mapped "{[/]}" onto public com.app.demo.response.ResponseJson com.app.demo.controller.HelloController.hello()
2017-05-26 17:11:07,422  INFO RequestMappingHandlerMapping:543 - Mapped "{[/add],methods=[POST]}" onto public com.app.demo.response.ResponseJson com.app.demo.controller.UserController.add(com.app.demo.domain.User)
2017-05-26 17:11:07,422  INFO RequestMappingHandlerMapping:543 - Mapped "{[/update],methods=[POST]}" onto public com.app.demo.response.ResponseJson com.app.demo.controller.UserController.update(com.app.demo.domain.User)
2017-05-26 17:11:07,423  INFO RequestMappingHandlerMapping:543 - Mapped "{[/delete],methods=[GET]}" onto public com.app.demo.response.ResponseJson com.app.demo.controller.UserController.delete(java.lang.Long)
2017-05-26 17:11:07,424  INFO RequestMappingHandlerMapping:543 - Mapped "{[/list],methods=[GET]}" onto public com.app.demo.response.ResponseJson com.app.demo.controller.UserController.list()
2017-05-26 17:11:07,425  INFO RequestMappingHandlerMapping:543 - Mapped "{[/view],methods=[GET]}" onto public com.app.demo.response.ResponseJson com.app.demo.controller.UserController.view(java.lang.Long)
2017-05-26 17:11:07,429  INFO RequestMappingHandlerMapping:543 - Mapped "{[/error]}" onto public org.springframework.http.ResponseEntity<java.util.Map<java.lang.String, java.lang.Object>> org.springframework.boot.autoconfigure.web.BasicErrorController.error(javax.servlet.http.HttpServletRequest)
2017-05-26 17:11:07,430  INFO RequestMappingHandlerMapping:543 - Mapped "{[/error],produces=[text/html]}" onto public org.springframework.web.servlet.ModelAndView org.springframework.boot.autoconfigure.web.BasicErrorController.errorHtml(javax.servlet.http.HttpServletRequest,javax.servlet.http.HttpServletResponse)
2017-05-26 17:11:07,511  INFO BeanNameUrlHandlerMapping:362 - Mapped URL path [/user] onto handler '/user'
2017-05-26 17:11:07,547  INFO SimpleUrlHandlerMapping:362 - Mapped URL path [/webjars/**] onto handler of type [class org.springframework.web.servlet.resource.ResourceHttpRequestHandler]
2017-05-26 17:11:07,547  INFO SimpleUrlHandlerMapping:362 - Mapped URL path [/**] onto handler of type [class org.springframework.web.servlet.resource.ResourceHttpRequestHandler]
2017-05-26 17:11:07,677  INFO SimpleUrlHandlerMapping:362 - Mapped URL path [/**/favicon.ico] onto handler of type [class org.springframework.web.servlet.resource.ResourceHttpRequestHandler]
2017-05-26 17:11:09,335  INFO AnnotationMBeanExporter:431 - Registering beans for JMX exposure on startup
2017-05-26 17:11:09,526  INFO TomcatEmbeddedServletContainer:198 - Tomcat started on port(s): 8080 (http)
2017-05-26 17:11:09,534  INFO Application:57 - Started Application in 16.793 seconds (JVM running for 17.724)
2017-05-26 17:11:19,884  INFO DispatcherServlet:489 - FrameworkServlet 'dispatcherServlet': initialization started
2017-05-26 17:11:19,923  INFO DispatcherServlet:508 - FrameworkServlet 'dispatcherServlet': initialization completed in 38 ms
2017-05-26 17:11:25,239  INFO WebLogAspect:37 - URL:http://localhost:8080/activiti/
2017-05-26 17:11:25,240  INFO WebLogAspect:38 - HTTP_METHOD:GET
2017-05-26 17:11:25,240  INFO WebLogAspect:39 - IP:0:0:0:0:0:0:0:1
2017-05-26 17:11:25,244  INFO WebLogAspect:40 - CLASS_METHOD:com.app.demo.controller.HelloController.hello
2017-05-26 17:11:25,245  INFO WebLogAspect:41 - ARGS:[]
2017-05-26 17:11:25,910  INFO WebLogAspect:47 - RESPONSE:ResponseJson [code=0, msg=OK, data=["hello","java"]]]
2017-05-26 17:11:25,910  INFO WebLogAspect:48 - SPEND TIME:671
2017-05-26 17:12:02,317  INFO Application:48 - Starting Application on YUZHIYOU with PID 9700 (D:\WorkSpace\ActivitiTestApp\target\classes started by yuzhiyou in D:\WorkSpace\ActivitiTestApp)
2017-05-26 17:12:02,322  INFO Application:637 - No active profile set, falling back to default profiles: default
2017-05-26 17:12:03,111  INFO AnnotationConfigEmbeddedWebApplicationContext:582 - Refreshing org.springframework.boot.context.embedded.AnnotationConfigEmbeddedWebApplicationContext@76b10754: startup date [Fri May 26 17:12:03 CST 2017]; root of context hierarchy
2017-05-26 17:12:03,141  INFO Version:30 - HV000001: Hibernate Validator 5.3.5.Final
2017-05-26 17:12:04,764  INFO DefaultListableBeanFactory:828 - Overriding bean definition for bean 'dataSource' with a different definition: replacing [Root bean: class [null]; scope=; abstract=false; lazyInit=false; autowireMode=3; dependencyCheck=0; autowireCandidate=true; primary=false; factoryBeanName=org.springframework.boot.autoconfigure.jdbc.DataSourceConfiguration$Dbcp; factoryMethodName=dataSource; initMethodName=null; destroyMethodName=(inferred); defined in class path resource [org/springframework/boot/autoconfigure/jdbc/DataSourceConfiguration$Dbcp.class]] with [Root bean: class [null]; scope=; abstract=false; lazyInit=false; autowireMode=3; dependencyCheck=0; autowireCandidate=true; primary=false; factoryBeanName=org.springframework.boot.autoconfigure.jdbc.DataSourceConfiguration$Tomcat; factoryMethodName=dataSource; initMethodName=null; destroyMethodName=(inferred); defined in class path resource [org/springframework/boot/autoconfigure/jdbc/DataSourceConfiguration$Tomcat.class]]
2017-05-26 17:12:05,449  INFO AutowiredAnnotationBeanPostProcessor:155 - JSR-330 'javax.inject.Inject' annotation found and supported for autowiring
2017-05-26 17:12:07,807  INFO TomcatEmbeddedServletContainer:89 - Tomcat initialized with port(s): 8080 (http)
2017-05-26 17:12:08,162  INFO ContextLoader:276 - Root WebApplicationContext: initialization completed in 5057 ms
2017-05-26 17:12:08,663  INFO ServletRegistrationBean:190 - Mapping servlet: 'dispatcherServlet' to [/]
2017-05-26 17:12:08,670  INFO FilterRegistrationBean:258 - Mapping filter: 'characterEncodingFilter' to: [/*]
2017-05-26 17:12:08,675  INFO FilterRegistrationBean:258 - Mapping filter: 'hiddenHttpMethodFilter' to: [/*]
2017-05-26 17:12:08,675  INFO FilterRegistrationBean:258 - Mapping filter: 'httpPutFormContentFilter' to: [/*]
2017-05-26 17:12:08,676  INFO FilterRegistrationBean:258 - Mapping filter: 'requestContextFilter' to: [/*]
2017-05-26 17:12:10,223  INFO LocalContainerEntityManagerFactoryBean:349 - Building JPA container EntityManagerFactory for persistence unit 'default'
2017-05-26 17:12:10,260  INFO LogHelper:31 - HHH000204: Processing PersistenceUnitInfo [
	name: default
	...]
2017-05-26 17:12:10,427  INFO Version:37 - HHH000412: Hibernate Core {5.0.12.Final}
2017-05-26 17:12:10,432  INFO Environment:213 - HHH000206: hibernate.properties not found
2017-05-26 17:12:10,435  INFO Environment:317 - HHH000021: Bytecode provider name : javassist
2017-05-26 17:12:10,554  INFO Version:66 - HCANN000001: Hibernate Commons Annotations {5.0.1.Final}
2017-05-26 17:12:10,838  INFO Dialect:156 - HHH000400: Using dialect: org.hibernate.dialect.MySQL5Dialect
2017-05-26 17:12:11,348  INFO LocalContainerEntityManagerFactoryBean:379 - Initialized JPA EntityManagerFactory for persistence unit 'default'
2017-05-26 17:12:12,363  WARN AbstractProcessEngineConfiguration:68 - No process definitions were found using the specified path (classpath:/processes/**.bpmn20.xml).
2017-05-26 17:12:14,271  INFO ProcessEngineImpl:85 - ProcessEngine default created
2017-05-26 17:12:14,274  INFO DefaultAsyncJobExecutor:95 - Starting up the default async job executor [org.activiti.spring.SpringAsyncExecutor].
2017-05-26 17:12:14,276  INFO AcquireTimerJobsRunnable:45 - {} starting to acquire async jobs due
2017-05-26 17:12:14,277  INFO AcquireAsyncJobsDueRunnable:45 - {} starting to acquire async jobs due
2017-05-26 17:12:15,336  INFO RequestMappingHandlerAdapter:534 - Looking for @ControllerAdvice: org.springframework.boot.context.embedded.AnnotationConfigEmbeddedWebApplicationContext@76b10754: startup date [Fri May 26 17:12:03 CST 2017]; root of context hierarchy
2017-05-26 17:12:15,564  INFO RequestMappingHandlerMapping:543 - Mapped "{[/]}" onto public com.app.demo.response.ResponseJson com.app.demo.controller.HelloController.hello()
2017-05-26 17:12:15,569  INFO RequestMappingHandlerMapping:543 - Mapped "{[/user/add],methods=[POST]}" onto public com.app.demo.response.ResponseJson com.app.demo.controller.UserController.add(com.app.demo.domain.User)
2017-05-26 17:12:15,570  INFO RequestMappingHandlerMapping:543 - Mapped "{[/user/update],methods=[POST]}" onto public com.app.demo.response.ResponseJson com.app.demo.controller.UserController.update(com.app.demo.domain.User)
2017-05-26 17:12:15,571  INFO RequestMappingHandlerMapping:543 - Mapped "{[/user/delete],methods=[GET]}" onto public com.app.demo.response.ResponseJson com.app.demo.controller.UserController.delete(java.lang.Long)
2017-05-26 17:12:15,572  INFO RequestMappingHandlerMapping:543 - Mapped "{[/user/list],methods=[GET]}" onto public com.app.demo.response.ResponseJson com.app.demo.controller.UserController.list()
2017-05-26 17:12:15,573  INFO RequestMappingHandlerMapping:543 - Mapped "{[/user/view],methods=[GET]}" onto public com.app.demo.response.ResponseJson com.app.demo.controller.UserController.view(java.lang.Long)
2017-05-26 17:12:15,584  INFO RequestMappingHandlerMapping:543 - Mapped "{[/error]}" onto public org.springframework.http.ResponseEntity<java.util.Map<java.lang.String, java.lang.Object>> org.springframework.boot.autoconfigure.web.BasicErrorController.error(javax.servlet.http.HttpServletRequest)
2017-05-26 17:12:15,585  INFO RequestMappingHandlerMapping:543 - Mapped "{[/error],produces=[text/html]}" onto public org.springframework.web.servlet.ModelAndView org.springframework.boot.autoconfigure.web.BasicErrorController.errorHtml(javax.servlet.http.HttpServletRequest,javax.servlet.http.HttpServletResponse)
2017-05-26 17:12:15,686  INFO SimpleUrlHandlerMapping:362 - Mapped URL path [/webjars/**] onto handler of type [class org.springframework.web.servlet.resource.ResourceHttpRequestHandler]
2017-05-26 17:12:15,686  INFO SimpleUrlHandlerMapping:362 - Mapped URL path [/**] onto handler of type [class org.springframework.web.servlet.resource.ResourceHttpRequestHandler]
2017-05-26 17:12:15,796  INFO SimpleUrlHandlerMapping:362 - Mapped URL path [/**/favicon.ico] onto handler of type [class org.springframework.web.servlet.resource.ResourceHttpRequestHandler]
2017-05-26 17:12:18,261  INFO AnnotationMBeanExporter:431 - Registering beans for JMX exposure on startup
2017-05-26 17:12:18,472  INFO TomcatEmbeddedServletContainer:198 - Tomcat started on port(s): 8080 (http)
2017-05-26 17:12:18,487  INFO Application:57 - Started Application in 16.993 seconds (JVM running for 17.745)
2017-05-26 17:12:25,379  INFO DispatcherServlet:489 - FrameworkServlet 'dispatcherServlet': initialization started
2017-05-26 17:12:25,424  INFO DispatcherServlet:508 - FrameworkServlet 'dispatcherServlet': initialization completed in 44 ms
2017-05-26 17:12:25,496  INFO WebLogAspect:37 - URL:http://localhost:8080/activiti/user/list
2017-05-26 17:12:25,496  INFO WebLogAspect:38 - HTTP_METHOD:GET
2017-05-26 17:12:25,497  INFO WebLogAspect:39 - IP:0:0:0:0:0:0:0:1
2017-05-26 17:12:25,500  INFO WebLogAspect:40 - CLASS_METHOD:com.app.demo.controller.UserController.list
2017-05-26 17:12:25,501  INFO WebLogAspect:41 - ARGS:[]
2017-05-26 17:12:26,152  INFO WebLogAspect:47 - RESPONSE:ResponseJson [code=0, msg=OK, data=[]]]
2017-05-26 17:12:26,152  INFO WebLogAspect:48 - SPEND TIME:657
